#
# There is insufficient memory for the Java Runtime Environment to continue.
# Native memory allocation (malloc) failed to allocate 1342176 bytes. Error detail: Chunk::new
# Possible reasons:
#   The system is out of physical RAM or swap space
#   This process is running with CompressedOops enabled, and the Java Heap may be blocking the growth of the native heap
# Possible solutions:
#   Reduce memory load on the system
#   Increase physical memory or swap space
#   Check if swap backing store is full
#   Decrease Java heap size (-Xmx/-Xms)
#   Decrease number of Java threads
#   Decrease Java thread stack sizes (-Xss)
#   Set larger code cache with -XX:ReservedCodeCacheSize=
#   JVM is running with Unscaled Compressed Oops mode in which the Java heap is
#     placed in the first 4GB address space. The Java Heap base address is the
#     maximum limit for the native heap growth. Please use -XX:HeapBaseMinAddress
#     to set the Java Heap base and to place the Java Heap above 4GB virtual address.
# This output file may be truncated or incomplete.
#
#  Out of Memory Error (arena.cpp:168), pid=8932, tid=8116
#
# JRE version: OpenJDK Runtime Environment Temurin-21.0.7+6 (21.0.7+6) (build 21.0.7+6-LTS)
# Java VM: OpenJDK 64-Bit Server VM Temurin-21.0.7+6 (21.0.7+6-LTS, mixed mode, sharing, tiered, compressed oops, compressed class ptrs, parallel gc, windows-amd64)
# No core dump will be written. Minidumps are not enabled by default on client versions of Windows
#

---------------  S U M M A R Y ------------

Command Line: --add-modules=ALL-SYSTEM --add-opens=java.base/java.util=ALL-UNNAMED --add-opens=java.base/java.lang=ALL-UNNAMED --add-opens=java.base/sun.nio.fs=ALL-UNNAMED -Declipse.application=org.eclipse.jdt.ls.core.id1 -Dosgi.bundles.defaultStartLevel=4 -Declipse.product=org.eclipse.jdt.ls.core.product -Djava.import.generatesMetadataFilesAtProjectRoot=false -DDetectVMInstallationsJob.disabled=true -Dfile.encoding=utf8 -XX:+UseParallelGC -XX:GCTimeRatio=4 -XX:AdaptiveSizePolicyWeight=90 -Dsun.zip.disableMemoryMapping=true -Xmx2G -Xms100m -Xlog:disable -javaagent:c:\Users\Fahim\.vscode\extensions\redhat.java-1.43.1-win32-x64\lombok\lombok-1.18.39-4050.jar -XX:+HeapDumpOnOutOfMemoryError -XX:HeapDumpPath=c:\Users\Fahim\AppData\Roaming\Code\User\workspaceStorage\203f3f320bde04ed28bf2ad86b5ef60b\redhat.java -Daether.dependencyCollector.impl=bf c:\Users\Fahim\.vscode\extensions\redhat.java-1.43.1-win32-x64\server\plugins\org.eclipse.equinox.launcher_1.7.0.v20250519-0528.jar -configuration c:\Users\Fahim\AppData\Roaming\Code\User\globalStorage\redhat.java\1.43.1\config_win -data c:\Users\Fahim\AppData\Roaming\Code\User\workspaceStorage\203f3f320bde04ed28bf2ad86b5ef60b\redhat.java\jdt_ws --pipe=\\.\pipe\lsp-b9a378ec7d6448721203070393bd7635-sock

Host: AMD Ryzen 3 3200G with Radeon Vega Graphics    , 4 cores, 13G,  Windows 10 , 64 bit Build 19041 (10.0.19041.5915)
Time: Sat Jul  5 16:53:13 2025 Bangladesh Standard Time elapsed time: 38.607127 seconds (0d 0h 0m 38s)

---------------  T H R E A D  ---------------

Current thread (0x000001ee8f90f770):  JavaThread "C2 CompilerThread1" daemon [_thread_in_native, id=8116, stack(0x000000ecd6a00000,0x000000ecd6b00000) (1024K)]


Current CompileTask:
C2:38607 13860   !   4       org.eclipse.jdt.internal.core.search.indexing.BinaryIndexer::indexDocument (1168 bytes)

Stack: [0x000000ecd6a00000,0x000000ecd6b00000]
Native frames: (J=compiled Java code, j=interpreted, Vv=VM code, C=native code)
V  [jvm.dll+0x6ce119]
V  [jvm.dll+0x8a84a1]
V  [jvm.dll+0x8aa9ce]
V  [jvm.dll+0x8ab0b3]
V  [jvm.dll+0x27f8a6]
V  [jvm.dll+0xc507d]
V  [jvm.dll+0xc55b3]
V  [jvm.dll+0x2f2c6d]
V  [jvm.dll+0x5f6bca]
V  [jvm.dll+0x250cb2]
V  [jvm.dll+0x25106f]
V  [jvm.dll+0x249934]
V  [jvm.dll+0x246fc4]
V  [jvm.dll+0x1c760e]
V  [jvm.dll+0x25695a]
V  [jvm.dll+0x254efa]
V  [jvm.dll+0x3f03f6]
V  [jvm.dll+0x851f6b]
V  [jvm.dll+0x6cc7dd]
C  [ucrtbase.dll+0x21bb2]
C  [KERNEL32.DLL+0x17374]
C  [ntdll.dll+0x4cc91]


---------------  P R O C E S S  ---------------

Threads class SMR info:
_java_thread_list=0x000001ee90cd4fe0, length=45, elements={
0x000001ee30290e00, 0x000001ee3017d510, 0x000001ee3017ed70, 0x000001ee30181860,
0x000001ee30182770, 0x000001ee30184530, 0x000001ee30185180, 0x000001ee30187fc0,
0x000001ee301f9da0, 0x000001ee888ce970, 0x000001ee88aea080, 0x000001ee8d4340c0,
0x000001ee8d3d9100, 0x000001ee8d409a00, 0x000001ee8d800d30, 0x000001ee8d663a50,
0x000001ee8d8f8060, 0x000001ee8dd2cca0, 0x000001ee8dd2c610, 0x000001ee8dd29820,
0x000001ee8dd2abd0, 0x000001ee8dd2b260, 0x000001ee8dd29eb0, 0x000001ee8dd2a540,
0x000001ee8ffd1d70, 0x000001ee8ffd44d0, 0x000001ee8ffd2400, 0x000001ee8ffd3e40,
0x000001ee8ffd4b60, 0x000001ee8ffd2a90, 0x000001ee8ffd3120, 0x000001ee8ffd37b0,
0x000001ee8ffd16e0, 0x000001ee8f11e940, 0x000001ee8f11efd0, 0x000001ee8f120a10,
0x000001ee8f1210a0, 0x000001ee8f11f660, 0x000001ee8f120380, 0x000001ee8f11dc20,
0x000001ee8f11fcf0, 0x000001ee8f121dc0, 0x000001ee8f123e90, 0x000001ee8f124bb0,
0x000001ee8f90f770
}

Java Threads: ( => current thread )
  0x000001ee30290e00 JavaThread "main"                              [_thread_blocked, id=7520, stack(0x000000ecd3700000,0x000000ecd3800000) (1024K)]
  0x000001ee3017d510 JavaThread "Reference Handler"          daemon [_thread_blocked, id=4832, stack(0x000000ecd3b00000,0x000000ecd3c00000) (1024K)]
  0x000001ee3017ed70 JavaThread "Finalizer"                  daemon [_thread_blocked, id=10888, stack(0x000000ecd3c00000,0x000000ecd3d00000) (1024K)]
  0x000001ee30181860 JavaThread "Signal Dispatcher"          daemon [_thread_blocked, id=7256, stack(0x000000ecd3d00000,0x000000ecd3e00000) (1024K)]
  0x000001ee30182770 JavaThread "Attach Listener"            daemon [_thread_blocked, id=13116, stack(0x000000ecd3e00000,0x000000ecd3f00000) (1024K)]
  0x000001ee30184530 JavaThread "Service Thread"             daemon [_thread_blocked, id=13120, stack(0x000000ecd3f00000,0x000000ecd4000000) (1024K)]
  0x000001ee30185180 JavaThread "Monitor Deflation Thread"   daemon [_thread_blocked, id=12964, stack(0x000000ecd4000000,0x000000ecd4100000) (1024K)]
  0x000001ee30187fc0 JavaThread "C2 CompilerThread0"         daemon [_thread_in_native, id=2660, stack(0x000000ecd4100000,0x000000ecd4200000) (1024K)]
  0x000001ee301f9da0 JavaThread "C1 CompilerThread0"         daemon [_thread_blocked, id=12872, stack(0x000000ecd4200000,0x000000ecd4300000) (1024K)]
  0x000001ee888ce970 JavaThread "Common-Cleaner"             daemon [_thread_blocked, id=10644, stack(0x000000ecd4300000,0x000000ecd4400000) (1024K)]
  0x000001ee88aea080 JavaThread "Notification Thread"        daemon [_thread_blocked, id=8872, stack(0x000000ecd4400000,0x000000ecd4500000) (1024K)]
  0x000001ee8d4340c0 JavaThread "Active Thread: Equinox Container: 6c09b444-f2fd-4d08-b782-cb44d01534b3"        [_thread_blocked, id=5680, stack(0x000000ecd4900000,0x000000ecd4a00000) (1024K)]
  0x000001ee8d3d9100 JavaThread "Refresh Thread: Equinox Container: 6c09b444-f2fd-4d08-b782-cb44d01534b3" daemon [_thread_blocked, id=8536, stack(0x000000ecd4a00000,0x000000ecd4b00000) (1024K)]
  0x000001ee8d409a00 JavaThread "Framework Event Dispatcher: Equinox Container: 6c09b444-f2fd-4d08-b782-cb44d01534b3" daemon [_thread_blocked, id=12064, stack(0x000000ecd4b00000,0x000000ecd4c00000) (1024K)]
  0x000001ee8d800d30 JavaThread "Start Level: Equinox Container: 6c09b444-f2fd-4d08-b782-cb44d01534b3" daemon [_thread_blocked, id=8876, stack(0x000000ecd4c00000,0x000000ecd4d00000) (1024K)]
  0x000001ee8d663a50 JavaThread "Bundle File Closer"         daemon [_thread_blocked, id=8068, stack(0x000000ecd4d00000,0x000000ecd4e00000) (1024K)]
  0x000001ee8d8f8060 JavaThread "SCR Component Actor"        daemon [_thread_blocked, id=3984, stack(0x000000ecd4e00000,0x000000ecd4f00000) (1024K)]
  0x000001ee8dd2cca0 JavaThread "Worker-JM"                         [_thread_blocked, id=12828, stack(0x000000ecd5000000,0x000000ecd5100000) (1024K)]
  0x000001ee8dd2c610 JavaThread "JNA Cleaner"                daemon [_thread_blocked, id=12420, stack(0x000000ecd5100000,0x000000ecd5200000) (1024K)]
  0x000001ee8dd29820 JavaThread "Worker-0: Initialize workspace"        [_thread_blocked, id=12048, stack(0x000000ecd5200000,0x000000ecd5300000) (1024K)]
  0x000001ee8dd2abd0 JavaThread "Worker-1: Java indexing... "        [_thread_blocked, id=1012, stack(0x000000ecd5300000,0x000000ecd5400000) (1024K)]
  0x000001ee8dd2b260 JavaThread "Java indexing"              daemon [_thread_blocked, id=13144, stack(0x000000ecd5400000,0x000000ecd5500000) (1024K)]
  0x000001ee8dd29eb0 JavaThread "Worker-2"                          [_thread_blocked, id=13124, stack(0x000000ecd5500000,0x000000ecd5600000) (1024K)]
  0x000001ee8dd2a540 JavaThread "Worker-3"                          [_thread_blocked, id=12812, stack(0x000000ecd5800000,0x000000ecd5900000) (1024K)]
  0x000001ee8ffd1d70 JavaThread "Worker-4: Initialize Workspace"        [_thread_blocked, id=12900, stack(0x000000ecd5900000,0x000000ecd5a00000) (1024K)]
  0x000001ee8ffd44d0 JavaThread "Thread-2"                   daemon [_thread_in_native, id=496, stack(0x000000ecd5a00000,0x000000ecd5b00000) (1024K)]
  0x000001ee8ffd2400 JavaThread "Thread-3"                   daemon [_thread_in_native, id=12348, stack(0x000000ecd5b00000,0x000000ecd5c00000) (1024K)]
  0x000001ee8ffd3e40 JavaThread "Thread-4"                   daemon [_thread_in_native, id=13152, stack(0x000000ecd5c00000,0x000000ecd5d00000) (1024K)]
  0x000001ee8ffd4b60 JavaThread "Thread-5"                   daemon [_thread_in_native, id=12908, stack(0x000000ecd5d00000,0x000000ecd5e00000) (1024K)]
  0x000001ee8ffd2a90 JavaThread "Thread-6"                   daemon [_thread_in_native, id=6132, stack(0x000000ecd5e00000,0x000000ecd5f00000) (1024K)]
  0x000001ee8ffd3120 JavaThread "pool-2-thread-1"                   [_thread_blocked, id=13236, stack(0x000000ecd5f00000,0x000000ecd6000000) (1024K)]
  0x000001ee8ffd37b0 JavaThread "WorkspaceEventsHandler"            [_thread_blocked, id=9876, stack(0x000000ecd6000000,0x000000ecd6100000) (1024K)]
  0x000001ee8ffd16e0 JavaThread "pool-1-thread-1"                   [_thread_blocked, id=3400, stack(0x000000ecd6100000,0x000000ecd6200000) (1024K)]
  0x000001ee8f11e940 JavaThread "LocalFile Deleter"          daemon [_thread_blocked, id=11884, stack(0x000000ecd6200000,0x000000ecd6300000) (1024K)]
  0x000001ee8f11efd0 JavaThread "LocalFile Deleter"          daemon [_thread_blocked, id=13048, stack(0x000000ecd6300000,0x000000ecd6400000) (1024K)]
  0x000001ee8f120a10 JavaThread "LocalFile Deleter"          daemon [_thread_blocked, id=3868, stack(0x000000ecd6400000,0x000000ecd6500000) (1024K)]
  0x000001ee8f1210a0 JavaThread "LocalFile Deleter"          daemon [_thread_blocked, id=5432, stack(0x000000ecd6500000,0x000000ecd6600000) (1024K)]
  0x000001ee8f11f660 JavaThread "Compiler Source File Reader" daemon [_thread_blocked, id=10024, stack(0x000000ecd6600000,0x000000ecd6700000) (1024K)]
  0x000001ee8f120380 JavaThread "Compiler Source File Reader" daemon [_thread_blocked, id=4328, stack(0x000000ecd6700000,0x000000ecd6800000) (1024K)]
  0x000001ee8f11dc20 JavaThread "Compiler Processing Task"   daemon [_thread_blocked, id=664, stack(0x000000ecd4f00000,0x000000ecd5000000) (1024K)]
  0x000001ee8f11fcf0 JavaThread "Compiler Class File Writer" daemon [_thread_blocked, id=2644, stack(0x000000ecd6800000,0x000000ecd6900000) (1024K)]
  0x000001ee8f121dc0 JavaThread "Compiler Class File Writer" daemon [_thread_blocked, id=12224, stack(0x000000ecd6900000,0x000000ecd6a00000) (1024K)]
  0x000001ee8f123e90 JavaThread "Worker-5"                          [_thread_blocked, id=7188, stack(0x000000ecd4500000,0x000000ecd4600000) (1024K)]
  0x000001ee8f124bb0 JavaThread "ForkJoinPool.commonPool-worker-1" daemon [_thread_blocked, id=3644, stack(0x000000ecd6b00000,0x000000ecd6c00000) (1024K)]
=>0x000001ee8f90f770 JavaThread "C2 CompilerThread1"         daemon [_thread_in_native, id=8116, stack(0x000000ecd6a00000,0x000000ecd6b00000) (1024K)]
Total: 45

Other Threads:
  0x000001ee3034ebd0 VMThread "VM Thread"                           [id=480, stack(0x000000ecd3a00000,0x000000ecd3b00000) (1024K)]
  0x000001ee302fb7b0 WatcherThread "VM Periodic Task Thread"        [id=12976, stack(0x000000ecd3900000,0x000000ecd3a00000) (1024K)]
  0x000001ee302adf50 WorkerThread "GC Thread#0"                     [id=280, stack(0x000000ecd3800000,0x000000ecd3900000) (1024K)]
  0x000001ee8d16c680 WorkerThread "GC Thread#1"                     [id=1660, stack(0x000000ecd4600000,0x000000ecd4700000) (1024K)]
  0x000001ee8d439890 WorkerThread "GC Thread#2"                     [id=1664, stack(0x000000ecd4700000,0x000000ecd4800000) (1024K)]
  0x000001ee8d43aab0 WorkerThread "GC Thread#3"                     [id=9624, stack(0x000000ecd4800000,0x000000ecd4900000) (1024K)]
Total: 6

Threads with active compile tasks:
C2 CompilerThread0  38634 13863   !   4       org.eclipse.jdt.internal.compiler.classfmt.ClassFileReader::<init> (2135 bytes)
C2 CompilerThread1  38635 13860   !   4       org.eclipse.jdt.internal.core.search.indexing.BinaryIndexer::indexDocument (1168 bytes)
Total: 2

VM state: at safepoint (normal execution)

VM Mutex/Monitor currently owned by a thread:  ([mutex/lock_event])
[0x00007ff925a6e308] Threads_lock - owner thread: 0x000001ee3034ebd0
[0x00007ff925a6e408] Heap_lock - owner thread: 0x000001ee8dd2b260

Heap address: 0x0000000080000000, size: 2048 MB, Compressed Oops mode: 32-bit

CDS archive(s) mapped at: [0x000001ee47000000-0x000001ee47ba0000-0x000001ee47ba0000), size 12189696, SharedBaseAddress: 0x000001ee47000000, ArchiveRelocationMode: 1.
Compressed class space mapped at: 0x000001ee48000000-0x000001ee88000000, reserved size: 1073741824
Narrow klass base: 0x000001ee47000000, Narrow klass shift: 0, Narrow klass range: 0x100000000

GC Precious Log:
 CardTable entry size: 512
 CPUs: 4 total, 4 available
 Memory: 14260M
 Large Page Support: Disabled
 NUMA Support: Disabled
 Compressed Oops: Enabled (32-bit)
 Alignments: Space 512K, Generation 512K, Heap 2M
 Heap Min Capacity: 100M
 Heap Initial Capacity: 100M
 Heap Max Capacity: 2G
 Pre-touch: Disabled
 Parallel Workers: 4

Heap:
 PSYoungGen      total 4608K, used 4154K [0x00000000d5580000, 0x00000000d5b00000, 0x0000000100000000)
  eden space 3584K, 99% used [0x00000000d5580000,0x00000000d58fe888,0x00000000d5900000)
  from space 1024K, 56% used [0x00000000d5a00000,0x00000000d5a90000,0x00000000d5b00000)
  to   space 1024K, 46% used [0x00000000d5900000,0x00000000d5976540,0x00000000d5a00000)
 ParOldGen       total 487936K, used 487933K [0x0000000080000000, 0x000000009dc80000, 0x00000000d5580000)
  object space 487936K, 99% used [0x0000000080000000,0x000000009dc7f488,0x000000009dc80000)
 Metaspace       used 66656K, committed 68224K, reserved 1114112K
  class space    used 6674K, committed 7360K, reserved 1048576K

Card table byte_map: [0x000001ee2fc40000,0x000001ee30050000] _byte_map_base: 0x000001ee2f840000

Marking Bits: (ParMarkBitMap*) 0x00007ff925a731f0
 Begin Bits: [0x000001ee42740000, 0x000001ee44740000)
 End Bits:   [0x000001ee44740000, 0x000001ee46740000)

Polling page: 0x000001ee2e240000

Metaspace:

Usage:
  Non-class:     58.58 MB used.
      Class:      6.52 MB used.
       Both:     65.09 MB used.

Virtual space:
  Non-class space:       64.00 MB reserved,      59.44 MB ( 93%) committed,  1 nodes.
      Class space:        1.00 GB reserved,       7.19 MB ( <1%) committed,  1 nodes.
             Both:        1.06 GB reserved,      66.62 MB (  6%) committed. 

Chunk freelists:
   Non-Class:  4.39 MB
       Class:  8.81 MB
        Both:  13.20 MB

MaxMetaspaceSize: unlimited
CompressedClassSpaceSize: 1.00 GB
Initial GC threshold: 21.00 MB
Current GC threshold: 97.31 MB
CDS: on
 - commit_granule_bytes: 65536.
 - commit_granule_words: 8192.
 - virtual_space_node_default_size: 8388608.
 - enlarge_chunks_in_place: 1.
 - use_allocation_guard: 0.


Internal statistics:

num_allocs_failed_limit: 11.
num_arena_births: 1308.
num_arena_deaths: 14.
num_vsnodes_births: 2.
num_vsnodes_deaths: 0.
num_space_committed: 1066.
num_space_uncommitted: 0.
num_chunks_returned_to_freelist: 25.
num_chunks_taken_from_freelist: 4502.
num_chunk_merges: 15.
num_chunk_splits: 2774.
num_chunks_enlarged: 1577.
num_inconsistent_stats: 0.

CodeHeap 'non-profiled nmethods': size=120000Kb used=12130Kb max_used=12130Kb free=107869Kb
 bounds [0x000001ee3af60000, 0x000001ee3bb40000, 0x000001ee42490000]
CodeHeap 'profiled nmethods': size=120000Kb used=32340Kb max_used=32340Kb free=87659Kb
 bounds [0x000001ee33490000, 0x000001ee35430000, 0x000001ee3a9c0000]
CodeHeap 'non-nmethods': size=5760Kb used=1438Kb max_used=1539Kb free=4321Kb
 bounds [0x000001ee3a9c0000, 0x000001ee3ac30000, 0x000001ee3af60000]
 total_blobs=13833 nmethods=13082 adapters=656
 compilation: enabled
              stopped_count=0, restarted_count=0
 full_count=0

Compilation events (20 events):
Event: 38.273 Thread 0x000001ee301f9da0 nmethod 13854 0x000001ee35407a90 code [0x000001ee354080e0, 0x000001ee3540b9e0]
Event: 38.289 Thread 0x000001ee8f90f770 13855       4       org.eclipse.jdt.internal.core.search.indexing.BinaryIndexer::removeFirstSyntheticParameter (73 bytes)
Event: 38.295 Thread 0x000001ee8f90f770 nmethod 13855 0x000001ee3bb22a10 code [0x000001ee3bb22c40, 0x000001ee3bb23420]
Event: 38.349 Thread 0x000001ee8f90f770 13856       4       java.io.InputStream::readNBytes (292 bytes)
Event: 38.360 Thread 0x000001ee30187fc0 nmethod 13840 0x000001ee3bb23990 code [0x000001ee3bb24340, 0x000001ee3bb2f7d0]
Event: 38.362 Thread 0x000001ee8f90f770 nmethod 13856 0x000001ee3bb34790 code [0x000001ee3bb349e0, 0x000001ee3bb35790]
Event: 38.392 Thread 0x000001ee301f9da0 13857 % !   2       org.eclipse.jdt.internal.core.search.indexing.BinaryIndexer::indexDocument @ 952 (1168 bytes)
Event: 38.396 Thread 0x000001ee8f90f770 13859       4       org.eclipse.jdt.internal.compiler.classfmt.ClassFileReader::<init> (31 bytes)
Event: 38.397 Thread 0x000001ee8f90f770 nmethod 13859 0x000001ee3bb35f90 code [0x000001ee3bb36120, 0x000001ee3bb36220]
Event: 38.398 Thread 0x000001ee301f9da0 nmethod 13857% 0x000001ee3540cc10 code [0x000001ee3540d320, 0x000001ee35410370]
Event: 38.398 Thread 0x000001ee301f9da0 13858   !   3       org.eclipse.jdt.internal.compiler.classfmt.ClassFileReader::<init> (2135 bytes)
Event: 38.406 Thread 0x000001ee301f9da0 nmethod 13858 0x000001ee35413a90 code [0x000001ee35414580, 0x000001ee3541d670]
Event: 38.410 Thread 0x000001ee8f90f770 13860   !   4       org.eclipse.jdt.internal.core.search.indexing.BinaryIndexer::indexDocument (1168 bytes)
Event: 38.440 Thread 0x000001ee301f9da0 13861       3       org.eclipse.jdt.internal.compiler.classfmt.MethodInfo::decodeTypeAnnotations (88 bytes)
Event: 38.441 Thread 0x000001ee301f9da0 nmethod 13861 0x000001ee35423c10 code [0x000001ee35423e00, 0x000001ee35424470]
Event: 38.447 Thread 0x000001ee30187fc0 13862   !   4       org.eclipse.jdt.core.Signature::getTypeParameters (313 bytes)
Event: 38.475 Thread 0x000001ee301f9da0 13865       3       org.eclipse.jdt.internal.compiler.classfmt.FieldInfo::decodeTypeAnnotations (88 bytes)
Event: 38.475 Thread 0x000001ee301f9da0 nmethod 13865 0x000001ee35424710 code [0x000001ee35424900, 0x000001ee35424f90]
Event: 38.475 Thread 0x000001ee30187fc0 nmethod 13862 0x000001ee3bb36310 code [0x000001ee3bb365a0, 0x000001ee3bb37b80]
Event: 38.477 Thread 0x000001ee30187fc0 13863   !   4       org.eclipse.jdt.internal.compiler.classfmt.ClassFileReader::<init> (2135 bytes)

GC Heap History (20 events):
Event: 38.475 GC heap before
{Heap before GC invocations=553 (full 3):
 PSYoungGen      total 4608K, used 4512K [0x00000000d5580000, 0x00000000d5b00000, 0x0000000100000000)
  eden space 4096K, 100% used [0x00000000d5580000,0x00000000d5980000,0x00000000d5980000)
  from space 512K, 81% used [0x00000000d5a00000,0x00000000d5a68000,0x00000000d5a80000)
  to   space 512K, 0% used [0x00000000d5a80000,0x00000000d5a80000,0x00000000d5b00000)
 ParOldGen       total 481792K, used 481667K [0x0000000080000000, 0x000000009d680000, 0x00000000d5580000)
  object space 481792K, 99% used [0x0000000080000000,0x000000009d660e40,0x000000009d680000)
 Metaspace       used 66656K, committed 68224K, reserved 1114112K
  class space    used 6674K, committed 7360K, reserved 1048576K
}
Event: 38.477 GC heap after
{Heap after GC invocations=553 (full 3):
 PSYoungGen      total 4608K, used 448K [0x00000000d5580000, 0x00000000d5b00000, 0x0000000100000000)
  eden space 4096K, 0% used [0x00000000d5580000,0x00000000d5580000,0x00000000d5980000)
  from space 512K, 87% used [0x00000000d5a80000,0x00000000d5af0000,0x00000000d5b00000)
  to   space 512K, 0% used [0x00000000d5a00000,0x00000000d5a00000,0x00000000d5a80000)
 ParOldGen       total 482304K, used 481963K [0x0000000080000000, 0x000000009d700000, 0x00000000d5580000)
  object space 482304K, 99% used [0x0000000080000000,0x000000009d6aae40,0x000000009d700000)
 Metaspace       used 66656K, committed 68224K, reserved 1114112K
  class space    used 6674K, committed 7360K, reserved 1048576K
}
Event: 38.487 GC heap before
{Heap before GC invocations=554 (full 3):
 PSYoungGen      total 4608K, used 4544K [0x00000000d5580000, 0x00000000d5b00000, 0x0000000100000000)
  eden space 4096K, 100% used [0x00000000d5580000,0x00000000d5980000,0x00000000d5980000)
  from space 512K, 87% used [0x00000000d5a80000,0x00000000d5af0000,0x00000000d5b00000)
  to   space 512K, 0% used [0x00000000d5a00000,0x00000000d5a00000,0x00000000d5a80000)
 ParOldGen       total 482304K, used 481963K [0x0000000080000000, 0x000000009d700000, 0x00000000d5580000)
  object space 482304K, 99% used [0x0000000080000000,0x000000009d6aae40,0x000000009d700000)
 Metaspace       used 66656K, committed 68224K, reserved 1114112K
  class space    used 6674K, committed 7360K, reserved 1048576K
}
Event: 38.489 GC heap after
{Heap after GC invocations=554 (full 3):
 PSYoungGen      total 4608K, used 448K [0x00000000d5580000, 0x00000000d5b00000, 0x0000000100000000)
  eden space 4096K, 0% used [0x00000000d5580000,0x00000000d5580000,0x00000000d5980000)
  from space 512K, 87% used [0x00000000d5a00000,0x00000000d5a70000,0x00000000d5a80000)
  to   space 512K, 0% used [0x00000000d5a80000,0x00000000d5a80000,0x00000000d5b00000)
 ParOldGen       total 482816K, used 482355K [0x0000000080000000, 0x000000009d780000, 0x00000000d5580000)
  object space 482816K, 99% used [0x0000000080000000,0x000000009d70ce40,0x000000009d780000)
 Metaspace       used 66656K, committed 68224K, reserved 1114112K
  class space    used 6674K, committed 7360K, reserved 1048576K
}
Event: 38.497 GC heap before
{Heap before GC invocations=555 (full 3):
 PSYoungGen      total 4608K, used 4544K [0x00000000d5580000, 0x00000000d5b00000, 0x0000000100000000)
  eden space 4096K, 100% used [0x00000000d5580000,0x00000000d5980000,0x00000000d5980000)
  from space 512K, 87% used [0x00000000d5a00000,0x00000000d5a70000,0x00000000d5a80000)
  to   space 512K, 0% used [0x00000000d5a80000,0x00000000d5a80000,0x00000000d5b00000)
 ParOldGen       total 482816K, used 482355K [0x0000000080000000, 0x000000009d780000, 0x00000000d5580000)
  object space 482816K, 99% used [0x0000000080000000,0x000000009d70ce40,0x000000009d780000)
 Metaspace       used 66656K, committed 68224K, reserved 1114112K
  class space    used 6674K, committed 7360K, reserved 1048576K
}
Event: 38.499 GC heap after
{Heap after GC invocations=555 (full 3):
 PSYoungGen      total 4608K, used 448K [0x00000000d5580000, 0x00000000d5b00000, 0x0000000100000000)
  eden space 4096K, 0% used [0x00000000d5580000,0x00000000d5580000,0x00000000d5980000)
  from space 512K, 87% used [0x00000000d5a80000,0x00000000d5af0000,0x00000000d5b00000)
  to   space 512K, 0% used [0x00000000d5a00000,0x00000000d5a00000,0x00000000d5a80000)
 ParOldGen       total 482816K, used 482787K [0x0000000080000000, 0x000000009d780000, 0x00000000d5580000)
  object space 482816K, 99% used [0x0000000080000000,0x000000009d778e40,0x000000009d780000)
 Metaspace       used 66656K, committed 68224K, reserved 1114112K
  class space    used 6674K, committed 7360K, reserved 1048576K
}
Event: 38.511 GC heap before
{Heap before GC invocations=556 (full 3):
 PSYoungGen      total 4608K, used 4544K [0x00000000d5580000, 0x00000000d5b00000, 0x0000000100000000)
  eden space 4096K, 100% used [0x00000000d5580000,0x00000000d5980000,0x00000000d5980000)
  from space 512K, 87% used [0x00000000d5a80000,0x00000000d5af0000,0x00000000d5b00000)
  to   space 512K, 0% used [0x00000000d5a00000,0x00000000d5a00000,0x00000000d5a80000)
 ParOldGen       total 482816K, used 482787K [0x0000000080000000, 0x000000009d780000, 0x00000000d5580000)
  object space 482816K, 99% used [0x0000000080000000,0x000000009d778e40,0x000000009d780000)
 Metaspace       used 66656K, committed 68224K, reserved 1114112K
  class space    used 6674K, committed 7360K, reserved 1048576K
}
Event: 38.512 GC heap after
{Heap after GC invocations=556 (full 3):
 PSYoungGen      total 4608K, used 512K [0x00000000d5580000, 0x00000000d5b80000, 0x0000000100000000)
  eden space 4096K, 0% used [0x00000000d5580000,0x00000000d5580000,0x00000000d5980000)
  from space 512K, 100% used [0x00000000d5a00000,0x00000000d5a80000,0x00000000d5a80000)
  to   space 1024K, 0% used [0x00000000d5a80000,0x00000000d5a80000,0x00000000d5b80000)
 ParOldGen       total 483328K, used 483179K [0x0000000080000000, 0x000000009d800000, 0x00000000d5580000)
  object space 483328K, 99% used [0x0000000080000000,0x000000009d7dae40,0x000000009d800000)
 Metaspace       used 66656K, committed 68224K, reserved 1114112K
  class space    used 6674K, committed 7360K, reserved 1048576K
}
Event: 38.522 GC heap before
{Heap before GC invocations=557 (full 3):
 PSYoungGen      total 4608K, used 4608K [0x00000000d5580000, 0x00000000d5b80000, 0x0000000100000000)
  eden space 4096K, 100% used [0x00000000d5580000,0x00000000d5980000,0x00000000d5980000)
  from space 512K, 100% used [0x00000000d5a00000,0x00000000d5a80000,0x00000000d5a80000)
  to   space 1024K, 0% used [0x00000000d5a80000,0x00000000d5a80000,0x00000000d5b80000)
 ParOldGen       total 483328K, used 483179K [0x0000000080000000, 0x000000009d800000, 0x00000000d5580000)
  object space 483328K, 99% used [0x0000000080000000,0x000000009d7dae40,0x000000009d800000)
 Metaspace       used 66656K, committed 68224K, reserved 1114112K
  class space    used 6674K, committed 7360K, reserved 1048576K
}
Event: 38.525 GC heap after
{Heap after GC invocations=557 (full 3):
 PSYoungGen      total 5120K, used 512K [0x00000000d5580000, 0x00000000d5b80000, 0x0000000100000000)
  eden space 4096K, 0% used [0x00000000d5580000,0x00000000d5580000,0x00000000d5980000)
  from space 1024K, 50% used [0x00000000d5a80000,0x00000000d5b00000,0x00000000d5b80000)
  to   space 1024K, 0% used [0x00000000d5980000,0x00000000d5980000,0x00000000d5a80000)
 ParOldGen       total 483840K, used 483635K [0x0000000080000000, 0x000000009d880000, 0x00000000d5580000)
  object space 483840K, 99% used [0x0000000080000000,0x000000009d84ce40,0x000000009d880000)
 Metaspace       used 66656K, committed 68224K, reserved 1114112K
  class space    used 6674K, committed 7360K, reserved 1048576K
}
Event: 38.533 GC heap before
{Heap before GC invocations=558 (full 3):
 PSYoungGen      total 5120K, used 4608K [0x00000000d5580000, 0x00000000d5b80000, 0x0000000100000000)
  eden space 4096K, 100% used [0x00000000d5580000,0x00000000d5980000,0x00000000d5980000)
  from space 1024K, 50% used [0x00000000d5a80000,0x00000000d5b00000,0x00000000d5b80000)
  to   space 1024K, 0% used [0x00000000d5980000,0x00000000d5980000,0x00000000d5a80000)
 ParOldGen       total 483840K, used 483635K [0x0000000080000000, 0x000000009d880000, 0x00000000d5580000)
  object space 483840K, 99% used [0x0000000080000000,0x000000009d84ce40,0x000000009d880000)
 Metaspace       used 66656K, committed 68224K, reserved 1114112K
  class space    used 6674K, committed 7360K, reserved 1048576K
}
Event: 38.536 GC heap after
{Heap after GC invocations=558 (full 3):
 PSYoungGen      total 5120K, used 512K [0x00000000d5580000, 0x00000000d5b80000, 0x0000000100000000)
  eden space 4096K, 0% used [0x00000000d5580000,0x00000000d5580000,0x00000000d5980000)
  from space 1024K, 50% used [0x00000000d5980000,0x00000000d5a00000,0x00000000d5a80000)
  to   space 1024K, 0% used [0x00000000d5a80000,0x00000000d5a80000,0x00000000d5b80000)
 ParOldGen       total 484352K, used 484115K [0x0000000080000000, 0x000000009d900000, 0x00000000d5580000)
  object space 484352K, 99% used [0x0000000080000000,0x000000009d8c4e40,0x000000009d900000)
 Metaspace       used 66656K, committed 68224K, reserved 1114112K
  class space    used 6674K, committed 7360K, reserved 1048576K
}
Event: 38.544 GC heap before
{Heap before GC invocations=559 (full 3):
 PSYoungGen      total 5120K, used 4608K [0x00000000d5580000, 0x00000000d5b80000, 0x0000000100000000)
  eden space 4096K, 100% used [0x00000000d5580000,0x00000000d5980000,0x00000000d5980000)
  from space 1024K, 50% used [0x00000000d5980000,0x00000000d5a00000,0x00000000d5a80000)
  to   space 1024K, 0% used [0x00000000d5a80000,0x00000000d5a80000,0x00000000d5b80000)
 ParOldGen       total 484352K, used 484115K [0x0000000080000000, 0x000000009d900000, 0x00000000d5580000)
  object space 484352K, 99% used [0x0000000080000000,0x000000009d8c4e40,0x000000009d900000)
 Metaspace       used 66656K, committed 68224K, reserved 1114112K
  class space    used 6674K, committed 7360K, reserved 1048576K
}
Event: 38.546 GC heap after
{Heap after GC invocations=559 (full 3):
 PSYoungGen      total 4608K, used 1008K [0x00000000d5580000, 0x00000000d5c80000, 0x0000000100000000)
  eden space 3584K, 0% used [0x00000000d5580000,0x00000000d5580000,0x00000000d5900000)
  from space 1024K, 98% used [0x00000000d5a80000,0x00000000d5b7c0a0,0x00000000d5b80000)
  to   space 1536K, 0% used [0x00000000d5900000,0x00000000d5900000,0x00000000d5a80000)
 ParOldGen       total 484864K, used 484579K [0x0000000080000000, 0x000000009d980000, 0x00000000d5580000)
  object space 484864K, 99% used [0x0000000080000000,0x000000009d938e40,0x000000009d980000)
 Metaspace       used 66656K, committed 68224K, reserved 1114112K
  class space    used 6674K, committed 7360K, reserved 1048576K
}
Event: 38.559 GC heap before
{Heap before GC invocations=560 (full 3):
 PSYoungGen      total 4608K, used 4559K [0x00000000d5580000, 0x00000000d5c80000, 0x0000000100000000)
  eden space 3584K, 99% used [0x00000000d5580000,0x00000000d58f7da0,0x00000000d5900000)
  from space 1024K, 98% used [0x00000000d5a80000,0x00000000d5b7c0a0,0x00000000d5b80000)
  to   space 1536K, 0% used [0x00000000d5900000,0x00000000d5900000,0x00000000d5a80000)
 ParOldGen       total 484864K, used 484579K [0x0000000080000000, 0x000000009d980000, 0x00000000d5580000)
  object space 484864K, 99% used [0x0000000080000000,0x000000009d938e40,0x000000009d980000)
 Metaspace       used 66656K, committed 68224K, reserved 1114112K
  class space    used 6674K, committed 7360K, reserved 1048576K
}
Event: 38.560 GC heap after
{Heap after GC invocations=560 (full 3):
 PSYoungGen      total 4608K, used 730K [0x00000000d5580000, 0x00000000d5b00000, 0x0000000100000000)
  eden space 3584K, 0% used [0x00000000d5580000,0x00000000d5580000,0x00000000d5900000)
  from space 1024K, 71% used [0x00000000d5900000,0x00000000d59b6a48,0x00000000d5a00000)
  to   space 1024K, 0% used [0x00000000d5a00000,0x00000000d5a00000,0x00000000d5b00000)
 ParOldGen       total 485376K, used 484971K [0x0000000080000000, 0x000000009da00000, 0x00000000d5580000)
  object space 485376K, 99% used [0x0000000080000000,0x000000009d99ae40,0x000000009da00000)
 Metaspace       used 66656K, committed 68224K, reserved 1114112K
  class space    used 6674K, committed 7360K, reserved 1048576K
}
Event: 38.570 GC heap before
{Heap before GC invocations=561 (full 3):
 PSYoungGen      total 4608K, used 4314K [0x00000000d5580000, 0x00000000d5b00000, 0x0000000100000000)
  eden space 3584K, 100% used [0x00000000d5580000,0x00000000d5900000,0x00000000d5900000)
  from space 1024K, 71% used [0x00000000d5900000,0x00000000d59b6a48,0x00000000d5a00000)
  to   space 1024K, 0% used [0x00000000d5a00000,0x00000000d5a00000,0x00000000d5b00000)
 ParOldGen       total 485376K, used 484971K [0x0000000080000000, 0x000000009da00000, 0x00000000d5580000)
  object space 485376K, 99% used [0x0000000080000000,0x000000009d99ae40,0x000000009da00000)
 Metaspace       used 66656K, committed 68224K, reserved 1114112K
  class space    used 6674K, committed 7360K, reserved 1048576K
}
Event: 38.572 GC heap after
{Heap after GC invocations=561 (full 3):
 PSYoungGen      total 4608K, used 544K [0x00000000d5580000, 0x00000000d5b00000, 0x0000000100000000)
  eden space 3584K, 0% used [0x00000000d5580000,0x00000000d5580000,0x00000000d5900000)
  from space 1024K, 53% used [0x00000000d5a00000,0x00000000d5a88000,0x00000000d5b00000)
  to   space 1024K, 0% used [0x00000000d5900000,0x00000000d5900000,0x00000000d5a00000)
 ParOldGen       total 485888K, used 485573K [0x0000000080000000, 0x000000009da80000, 0x00000000d5580000)
  object space 485888K, 99% used [0x0000000080000000,0x000000009da31660,0x000000009da80000)
 Metaspace       used 66656K, committed 68224K, reserved 1114112K
  class space    used 6674K, committed 7360K, reserved 1048576K
}
Event: 38.580 GC heap before
{Heap before GC invocations=562 (full 3):
 PSYoungGen      total 4608K, used 4121K [0x00000000d5580000, 0x00000000d5b00000, 0x0000000100000000)
  eden space 3584K, 99% used [0x00000000d5580000,0x00000000d58fe488,0x00000000d5900000)
  from space 1024K, 53% used [0x00000000d5a00000,0x00000000d5a88000,0x00000000d5b00000)
  to   space 1024K, 0% used [0x00000000d5900000,0x00000000d5900000,0x00000000d5a00000)
 ParOldGen       total 485888K, used 485573K [0x0000000080000000, 0x000000009da80000, 0x00000000d5580000)
  object space 485888K, 99% used [0x0000000080000000,0x000000009da31660,0x000000009da80000)
 Metaspace       used 66656K, committed 68224K, reserved 1114112K
  class space    used 6674K, committed 7360K, reserved 1048576K
}
Event: 38.582 GC heap after
{Heap after GC invocations=562 (full 3):
 PSYoungGen      total 4608K, used 480K [0x00000000d5580000, 0x00000000d5b00000, 0x0000000100000000)
  eden space 3584K, 0% used [0x00000000d5580000,0x00000000d5580000,0x00000000d5900000)
  from space 1024K, 46% used [0x00000000d5900000,0x00000000d5978000,0x00000000d5a00000)
  to   space 1024K, 0% used [0x00000000d5a00000,0x00000000d5a00000,0x00000000d5b00000)
 ParOldGen       total 486400K, used 486078K [0x0000000080000000, 0x000000009db00000, 0x00000000d5580000)
  object space 486400K, 99% used [0x0000000080000000,0x000000009daafa70,0x000000009db00000)
 Metaspace       used 66656K, committed 68224K, reserved 1114112K
  class space    used 6674K, committed 7360K, reserved 1048576K
}

Dll operation events (10 events):
Event: 0.008 Loaded shared library c:\Users\Fahim\.vscode\extensions\redhat.java-1.43.1-win32-x64\jre\21.0.7-win32-x86_64\bin\java.dll
Event: 0.132 Loaded shared library c:\Users\Fahim\.vscode\extensions\redhat.java-1.43.1-win32-x64\jre\21.0.7-win32-x86_64\bin\zip.dll
Event: 0.215 Loaded shared library C:\Users\Fahim\.vscode\extensions\redhat.java-1.43.1-win32-x64\jre\21.0.7-win32-x86_64\bin\instrument.dll
Event: 0.219 Loaded shared library C:\Users\Fahim\.vscode\extensions\redhat.java-1.43.1-win32-x64\jre\21.0.7-win32-x86_64\bin\net.dll
Event: 0.221 Loaded shared library C:\Users\Fahim\.vscode\extensions\redhat.java-1.43.1-win32-x64\jre\21.0.7-win32-x86_64\bin\nio.dll
Event: 0.224 Loaded shared library C:\Users\Fahim\.vscode\extensions\redhat.java-1.43.1-win32-x64\jre\21.0.7-win32-x86_64\bin\zip.dll
Event: 0.277 Loaded shared library C:\Users\Fahim\.vscode\extensions\redhat.java-1.43.1-win32-x64\jre\21.0.7-win32-x86_64\bin\jimage.dll
Event: 0.411 Loaded shared library c:\Users\Fahim\.vscode\extensions\redhat.java-1.43.1-win32-x64\jre\21.0.7-win32-x86_64\bin\verify.dll
Event: 2.237 Loaded shared library C:\Users\Fahim\AppData\Roaming\Code\User\globalStorage\redhat.java\1.43.1\config_win\org.eclipse.equinox.launcher\org.eclipse.equinox.launcher.win32.win32.x86_64_1.2.1300.v20250331-1702\eclipse_11911.dll
Event: 4.395 Loaded shared library E:\Temp\jna-67639505\jna17936549968593446235.dll

Deoptimization events (20 events):
Event: 38.483 Thread 0x000001ee8dd2b260 DEOPT PACKING pc=0x000001ee3541b6aa sp=0x000000ecd54ff060
Event: 38.483 Thread 0x000001ee8dd2b260 DEOPT UNPACKING pc=0x000001ee3aa14242 sp=0x000000ecd54fe5e8 mode 0
Event: 38.493 Thread 0x000001ee8dd2b260 DEOPT PACKING pc=0x000001ee3541b6aa sp=0x000000ecd54ff060
Event: 38.493 Thread 0x000001ee8dd2b260 DEOPT UNPACKING pc=0x000001ee3aa14242 sp=0x000000ecd54fe5e8 mode 0
Event: 38.506 Thread 0x000001ee8dd2b260 DEOPT PACKING pc=0x000001ee3541b6aa sp=0x000000ecd54ff060
Event: 38.506 Thread 0x000001ee8dd2b260 DEOPT UNPACKING pc=0x000001ee3aa14242 sp=0x000000ecd54fe5e8 mode 0
Event: 38.516 Thread 0x000001ee8dd2b260 DEOPT PACKING pc=0x000001ee3541b6aa sp=0x000000ecd54ff060
Event: 38.516 Thread 0x000001ee8dd2b260 DEOPT UNPACKING pc=0x000001ee3aa14242 sp=0x000000ecd54fe5e8 mode 0
Event: 38.529 Thread 0x000001ee8dd2b260 DEOPT PACKING pc=0x000001ee3541b6aa sp=0x000000ecd54ff060
Event: 38.529 Thread 0x000001ee8dd2b260 DEOPT UNPACKING pc=0x000001ee3aa14242 sp=0x000000ecd54fe5e8 mode 0
Event: 38.540 Thread 0x000001ee8dd2b260 DEOPT PACKING pc=0x000001ee3541b6aa sp=0x000000ecd54ff060
Event: 38.540 Thread 0x000001ee8dd2b260 DEOPT UNPACKING pc=0x000001ee3aa14242 sp=0x000000ecd54fe5e8 mode 0
Event: 38.550 Thread 0x000001ee8dd2b260 DEOPT PACKING pc=0x000001ee3541b6aa sp=0x000000ecd54ff060
Event: 38.550 Thread 0x000001ee8dd2b260 DEOPT UNPACKING pc=0x000001ee3aa14242 sp=0x000000ecd54fe5e8 mode 0
Event: 38.565 Thread 0x000001ee8dd2b260 DEOPT PACKING pc=0x000001ee3541b6aa sp=0x000000ecd54ff060
Event: 38.565 Thread 0x000001ee8dd2b260 DEOPT UNPACKING pc=0x000001ee3aa14242 sp=0x000000ecd54fe5e8 mode 0
Event: 38.577 Thread 0x000001ee8dd2b260 DEOPT PACKING pc=0x000001ee3541b6aa sp=0x000000ecd54ff060
Event: 38.577 Thread 0x000001ee8dd2b260 DEOPT UNPACKING pc=0x000001ee3aa14242 sp=0x000000ecd54fe5e8 mode 0
Event: 38.587 Thread 0x000001ee8dd2b260 DEOPT PACKING pc=0x000001ee3541b6aa sp=0x000000ecd54ff060
Event: 38.587 Thread 0x000001ee8dd2b260 DEOPT UNPACKING pc=0x000001ee3aa14242 sp=0x000000ecd54fe5e8 mode 0

Classes loaded (20 events):
Event: 28.539 Loading class java/nio/file/PathMatcher done
Event: 28.539 Loading class sun/nio/fs/WindowsFileSystem$2 done
Event: 28.648 Loading class java/util/Collections$SynchronizedRandomAccessList
Event: 28.648 Loading class java/util/Collections$SynchronizedList
Event: 28.648 Loading class java/util/Collections$SynchronizedList done
Event: 28.648 Loading class java/util/Collections$SynchronizedRandomAccessList done
Event: 28.664 Loading class java/util/concurrent/CompletableFuture$Signaller
Event: 28.664 Loading class java/util/concurrent/CompletableFuture$Signaller done
Event: 28.927 Loading class java/nio/charset/CharacterCodingException
Event: 28.927 Loading class java/nio/charset/CharacterCodingException done
Event: 28.927 Loading class java/io/SequenceInputStream
Event: 28.927 Loading class java/io/SequenceInputStream done
Event: 32.209 Loading class sun/nio/cs/ISO_8859_1$Encoder
Event: 32.209 Loading class sun/nio/cs/ISO_8859_1$Encoder done
Event: 32.209 Loading class sun/nio/cs/Surrogate$Parser
Event: 32.209 Loading class sun/nio/cs/Surrogate$Parser done
Event: 32.209 Loading class sun/nio/cs/Surrogate
Event: 32.209 Loading class sun/nio/cs/Surrogate done
Event: 35.546 Loading class sun/nio/fs/WindowsFileCopy
Event: 35.546 Loading class sun/nio/fs/WindowsFileCopy done

Classes unloaded (7 events):
Event: 5.205 Thread 0x000001ee3034ebd0 Unloading class 0x000001ee4819d000 'java/lang/invoke/LambdaForm$MH+0x000001ee4819d000'
Event: 5.205 Thread 0x000001ee3034ebd0 Unloading class 0x000001ee4819cc00 'java/lang/invoke/LambdaForm$MH+0x000001ee4819cc00'
Event: 5.205 Thread 0x000001ee3034ebd0 Unloading class 0x000001ee4819c800 'java/lang/invoke/LambdaForm$MH+0x000001ee4819c800'
Event: 5.205 Thread 0x000001ee3034ebd0 Unloading class 0x000001ee4819c400 'java/lang/invoke/LambdaForm$MH+0x000001ee4819c400'
Event: 5.205 Thread 0x000001ee3034ebd0 Unloading class 0x000001ee4819c000 'java/lang/invoke/LambdaForm$BMH+0x000001ee4819c000'
Event: 5.205 Thread 0x000001ee3034ebd0 Unloading class 0x000001ee4819bc00 'java/lang/invoke/LambdaForm$DMH+0x000001ee4819bc00'
Event: 5.205 Thread 0x000001ee3034ebd0 Unloading class 0x000001ee4819a800 'java/lang/invoke/LambdaForm$DMH+0x000001ee4819a800'

Classes redefined (0 events):
No events

Internal exceptions (20 events):
Event: 36.410 Thread 0x000001ee8dd2b260 Exception <a 'sun/nio/fs/WindowsException'{0x00000000d56e42b0}> (0x00000000d56e42b0) 
thrown [s\src\hotspot\share\prims\jni.cpp, line 520]
Event: 36.444 Thread 0x000001ee8dd2b260 Exception <a 'sun/nio/fs/WindowsException'{0x00000000d5877b28}> (0x00000000d5877b28) 
thrown [s\src\hotspot\share\prims\jni.cpp, line 520]
Event: 36.507 Thread 0x000001ee8dd2b260 Exception <a 'sun/nio/fs/WindowsException'{0x00000000d5868de8}> (0x00000000d5868de8) 
thrown [s\src\hotspot\share\prims\jni.cpp, line 520]
Event: 36.532 Thread 0x000001ee8dd2b260 Exception <a 'sun/nio/fs/WindowsException'{0x00000000d571a3a8}> (0x00000000d571a3a8) 
thrown [s\src\hotspot\share\prims\jni.cpp, line 520]
Event: 36.554 Thread 0x000001ee8dd2b260 Exception <a 'sun/nio/fs/WindowsException'{0x00000000d583a570}> (0x00000000d583a570) 
thrown [s\src\hotspot\share\prims\jni.cpp, line 520]
Event: 36.700 Thread 0x000001ee8dd2b260 Exception <a 'sun/nio/fs/WindowsException'{0x00000000d5857ea0}> (0x00000000d5857ea0) 
thrown [s\src\hotspot\share\prims\jni.cpp, line 520]
Event: 36.744 Thread 0x000001ee8dd2b260 Exception <a 'sun/nio/fs/WindowsException'{0x00000000d57d1460}> (0x00000000d57d1460) 
thrown [s\src\hotspot\share\prims\jni.cpp, line 520]
Event: 36.765 Thread 0x000001ee8dd2b260 Exception <a 'sun/nio/fs/WindowsException'{0x00000000d55e30c0}> (0x00000000d55e30c0) 
thrown [s\src\hotspot\share\prims\jni.cpp, line 520]
Event: 36.772 Thread 0x000001ee8dd2b260 Exception <a 'sun/nio/fs/WindowsException'{0x00000000d55fa5b0}> (0x00000000d55fa5b0) 
thrown [s\src\hotspot\share\prims\jni.cpp, line 520]
Event: 36.788 Thread 0x000001ee8dd2b260 Exception <a 'sun/nio/fs/WindowsException'{0x00000000d5611a80}> (0x00000000d5611a80) 
thrown [s\src\hotspot\share\prims\jni.cpp, line 520]
Event: 36.827 Thread 0x000001ee8dd2b260 Exception <a 'sun/nio/fs/WindowsException'{0x00000000d561f8d0}> (0x00000000d561f8d0) 
thrown [s\src\hotspot\share\prims\jni.cpp, line 520]
Event: 36.965 Thread 0x000001ee8dd2b260 Exception <a 'sun/nio/fs/WindowsException'{0x00000000d5737de8}> (0x00000000d5737de8) 
thrown [s\src\hotspot\share\prims\jni.cpp, line 520]
Event: 37.041 Thread 0x000001ee8dd2b260 Exception <a 'sun/nio/fs/WindowsException'{0x00000000d573b710}> (0x00000000d573b710) 
thrown [s\src\hotspot\share\prims\jni.cpp, line 520]
Event: 37.337 Thread 0x000001ee8dd2b260 Exception <a 'sun/nio/fs/WindowsException'{0x00000000d57851a8}> (0x00000000d57851a8) 
thrown [s\src\hotspot\share\prims\jni.cpp, line 520]
Event: 37.593 Thread 0x000001ee8dd2b260 Exception <a 'sun/nio/fs/WindowsException'{0x00000000d5609d80}> (0x00000000d5609d80) 
thrown [s\src\hotspot\share\prims\jni.cpp, line 520]
Event: 37.646 Thread 0x000001ee8dd2b260 Exception <a 'sun/nio/fs/WindowsException'{0x00000000d5749c90}> (0x00000000d5749c90) 
thrown [s\src\hotspot\share\prims\jni.cpp, line 520]
Event: 37.824 Thread 0x000001ee8dd2b260 Exception <a 'sun/nio/fs/WindowsException'{0x00000000d56f5460}> (0x00000000d56f5460) 
thrown [s\src\hotspot\share\prims\jni.cpp, line 520]
Event: 37.940 Thread 0x000001ee8dd2b260 Exception <a 'sun/nio/fs/WindowsException'{0x00000000d5755a98}> (0x00000000d5755a98) 
thrown [s\src\hotspot\share\prims\jni.cpp, line 520]
Event: 37.970 Thread 0x000001ee8dd2b260 Exception <a 'sun/nio/fs/WindowsException'{0x00000000d573a838}> (0x00000000d573a838) 
thrown [s\src\hotspot\share\prims\jni.cpp, line 520]
Event: 37.976 Thread 0x000001ee8dd2b260 Exception <a 'sun/nio/fs/WindowsException'{0x00000000d5752200}> (0x00000000d5752200) 
thrown [s\src\hotspot\share\prims\jni.cpp, line 520]

ZGC Phase Switch (0 events):
No events

VM Operations (20 events):
Event: 38.475 Executing VM operation: ParallelGCFailedAllocation (Allocation Failure)
Event: 38.477 Executing VM operation: ParallelGCFailedAllocation (Allocation Failure) done
Event: 38.487 Executing VM operation: ParallelGCFailedAllocation (Allocation Failure)
Event: 38.489 Executing VM operation: ParallelGCFailedAllocation (Allocation Failure) done
Event: 38.497 Executing VM operation: ParallelGCFailedAllocation (Allocation Failure)
Event: 38.499 Executing VM operation: ParallelGCFailedAllocation (Allocation Failure) done
Event: 38.511 Executing VM operation: ParallelGCFailedAllocation (Allocation Failure)
Event: 38.512 Executing VM operation: ParallelGCFailedAllocation (Allocation Failure) done
Event: 38.522 Executing VM operation: ParallelGCFailedAllocation (Allocation Failure)
Event: 38.525 Executing VM operation: ParallelGCFailedAllocation (Allocation Failure) done
Event: 38.533 Executing VM operation: ParallelGCFailedAllocation (Allocation Failure)
Event: 38.536 Executing VM operation: ParallelGCFailedAllocation (Allocation Failure) done
Event: 38.544 Executing VM operation: ParallelGCFailedAllocation (Allocation Failure)
Event: 38.546 Executing VM operation: ParallelGCFailedAllocation (Allocation Failure) done
Event: 38.559 Executing VM operation: ParallelGCFailedAllocation (Allocation Failure)
Event: 38.560 Executing VM operation: ParallelGCFailedAllocation (Allocation Failure) done
Event: 38.570 Executing VM operation: ParallelGCFailedAllocation (Allocation Failure)
Event: 38.572 Executing VM operation: ParallelGCFailedAllocation (Allocation Failure) done
Event: 38.580 Executing VM operation: ParallelGCFailedAllocation (Allocation Failure)
Event: 38.582 Executing VM operation: ParallelGCFailedAllocation (Allocation Failure) done

Memory protections (0 events):
No events

Nmethod flushes (20 events):
Event: 20.752 Thread 0x000001ee3034ebd0 flushing  nmethod 0x000001ee33d81a10
Event: 20.752 Thread 0x000001ee3034ebd0 flushing  nmethod 0x000001ee33d82e10
Event: 20.752 Thread 0x000001ee3034ebd0 flushing  nmethod 0x000001ee33d86310
Event: 20.752 Thread 0x000001ee3034ebd0 flushing  nmethod 0x000001ee33d86e10
Event: 20.752 Thread 0x000001ee3034ebd0 flushing  nmethod 0x000001ee33d87290
Event: 20.752 Thread 0x000001ee3034ebd0 flushing  nmethod 0x000001ee33d8b310
Event: 20.752 Thread 0x000001ee3034ebd0 flushing  nmethod 0x000001ee33d96210
Event: 20.752 Thread 0x000001ee3034ebd0 flushing  nmethod 0x000001ee33d9f790
Event: 20.752 Thread 0x000001ee3034ebd0 flushing  nmethod 0x000001ee33dac190
Event: 20.752 Thread 0x000001ee3034ebd0 flushing  nmethod 0x000001ee33dbd210
Event: 20.752 Thread 0x000001ee3034ebd0 flushing  nmethod 0x000001ee33dbd510
Event: 20.752 Thread 0x000001ee3034ebd0 flushing  nmethod 0x000001ee33de4690
Event: 20.752 Thread 0x000001ee3034ebd0 flushing  nmethod 0x000001ee33df6890
Event: 20.752 Thread 0x000001ee3034ebd0 flushing  nmethod 0x000001ee33e24f10
Event: 20.752 Thread 0x000001ee3034ebd0 flushing  nmethod 0x000001ee33e27410
Event: 20.752 Thread 0x000001ee3034ebd0 flushing  nmethod 0x000001ee33e34290
Event: 20.752 Thread 0x000001ee3034ebd0 flushing  nmethod 0x000001ee33e34a10
Event: 20.752 Thread 0x000001ee3034ebd0 flushing  nmethod 0x000001ee33e35590
Event: 20.752 Thread 0x000001ee3034ebd0 flushing  nmethod 0x000001ee33e35910
Event: 20.752 Thread 0x000001ee3034ebd0 flushing  nmethod 0x000001ee33e36390

Events (20 events):
Event: 26.989 Thread 0x000001ee8f90fe40 Thread exited: 0x000001ee8f90fe40
Event: 27.047 Thread 0x000001ee301f9da0 Thread added: 0x000001ee8f90fe40
Event: 27.976 Thread 0x000001ee8dd29eb0 Thread added: 0x000001ee8f11e2b0
Event: 27.976 Thread 0x000001ee8dd29eb0 Thread added: 0x000001ee8f122ae0
Event: 27.976 Thread 0x000001ee8dd29eb0 Thread added: 0x000001ee8f123170
Event: 27.976 Thread 0x000001ee8dd29eb0 Thread added: 0x000001ee8f123800
Event: 27.976 Thread 0x000001ee8dd29eb0 Thread added: 0x000001ee8f123e90
Event: 28.065 Thread 0x000001ee8f122ae0 Thread exited: 0x000001ee8f122ae0
Event: 28.065 Thread 0x000001ee8f123e90 Thread exited: 0x000001ee8f123e90
Event: 28.065 Thread 0x000001ee8f123170 Thread exited: 0x000001ee8f123170
Event: 28.065 Thread 0x000001ee8f11e2b0 Thread exited: 0x000001ee8f11e2b0
Event: 28.068 Thread 0x000001ee8f123800 Thread exited: 0x000001ee8f123800
Event: 29.352 Thread 0x000001ee8f90fe40 Thread exited: 0x000001ee8f90fe40
Event: 29.481 Thread 0x000001ee8dd29eb0 Thread added: 0x000001ee8f123e90
Event: 30.447 Thread 0x000001ee30187fc0 Thread added: 0x000001ee8f90f770
Event: 32.594 Thread 0x000001ee8dd29eb0 Thread added: 0x000001ee8f124bb0
Event: 34.687 Thread 0x000001ee8f90f770 Thread exited: 0x000001ee8f90f770
Event: 35.596 Thread 0x000001ee301f9da0 Thread added: 0x000001ee8f90f770
Event: 37.941 Thread 0x000001ee8f90f770 Thread exited: 0x000001ee8f90f770
Event: 38.255 Thread 0x000001ee301f9da0 Thread added: 0x000001ee8f90f770


Dynamic libraries:
0x00007ff614f30000 - 0x00007ff614f3e000 	c:\Users\Fahim\.vscode\extensions\redhat.java-1.43.1-win32-x64\jre\21.0.7-win32-x86_64\bin\java.exe
0x00007ff966990000 - 0x00007ff966b88000 	C:\Windows\SYSTEM32\ntdll.dll
0x00007ff965280000 - 0x00007ff965342000 	C:\Windows\System32\KERNEL32.DLL
0x00007ff964380000 - 0x00007ff964676000 	C:\Windows\System32\KERNELBASE.dll
0x00007ff964760000 - 0x00007ff964860000 	C:\Windows\System32\ucrtbase.dll
0x00007ff942580000 - 0x00007ff942598000 	c:\Users\Fahim\.vscode\extensions\redhat.java-1.43.1-win32-x64\jre\21.0.7-win32-x86_64\bin\jli.dll
0x00007ff965a60000 - 0x00007ff965bfd000 	C:\Windows\System32\USER32.dll
0x00007ff964350000 - 0x00007ff964372000 	C:\Windows\System32\win32u.dll
0x00007ff965d30000 - 0x00007ff965d5b000 	C:\Windows\System32\GDI32.dll
0x00007ff964020000 - 0x00007ff964139000 	C:\Windows\System32\gdi32full.dll
0x00007ff964910000 - 0x00007ff9649ad000 	C:\Windows\System32\msvcp_win.dll
0x00007ff942030000 - 0x00007ff94204e000 	c:\Users\Fahim\.vscode\extensions\redhat.java-1.43.1-win32-x64\jre\21.0.7-win32-x86_64\bin\VCRUNTIME140.dll
0x00007ff954180000 - 0x00007ff95441a000 	C:\Windows\WinSxS\amd64_microsoft.windows.common-controls_6595b64144ccf1df_6.0.19041.5915_none_60b4b9d171f9c7c7\COMCTL32.dll
0x00007ff965130000 - 0x00007ff9651ce000 	C:\Windows\System32\msvcrt.dll
0x00007ff966920000 - 0x00007ff96694f000 	C:\Windows\System32\IMM32.DLL
0x00007ff9421d0000 - 0x00007ff9421dc000 	c:\Users\Fahim\.vscode\extensions\redhat.java-1.43.1-win32-x64\jre\21.0.7-win32-x86_64\bin\vcruntime140_1.dll
0x00007ff9416a0000 - 0x00007ff94172d000 	c:\Users\Fahim\.vscode\extensions\redhat.java-1.43.1-win32-x64\jre\21.0.7-win32-x86_64\bin\msvcp140.dll
0x00007ff924dc0000 - 0x00007ff925b50000 	c:\Users\Fahim\.vscode\extensions\redhat.java-1.43.1-win32-x64\jre\21.0.7-win32-x86_64\bin\server\jvm.dll
0x00007ff965c70000 - 0x00007ff965d21000 	C:\Windows\System32\ADVAPI32.dll
0x00007ff964ec0000 - 0x00007ff964f5f000 	C:\Windows\System32\sechost.dll
0x00007ff9665e0000 - 0x00007ff966703000 	C:\Windows\System32\RPCRT4.dll
0x00007ff964860000 - 0x00007ff964887000 	C:\Windows\System32\bcrypt.dll
0x00007ff965910000 - 0x00007ff96597b000 	C:\Windows\System32\WS2_32.dll
0x00007ff963e80000 - 0x00007ff963ecb000 	C:\Windows\SYSTEM32\POWRPROF.dll
0x00007ff959bc0000 - 0x00007ff959be7000 	C:\Windows\SYSTEM32\WINMM.dll
0x00007ff95d470000 - 0x00007ff95d47a000 	C:\Windows\SYSTEM32\VERSION.dll
0x00007ff963e60000 - 0x00007ff963e72000 	C:\Windows\SYSTEM32\UMPDC.dll
0x00007ff961e80000 - 0x00007ff961e92000 	C:\Windows\SYSTEM32\kernel.appcore.dll
0x00007ff942070000 - 0x00007ff94207a000 	c:\Users\Fahim\.vscode\extensions\redhat.java-1.43.1-win32-x64\jre\21.0.7-win32-x86_64\bin\jimage.dll
0x00007ff95dc80000 - 0x00007ff95de81000 	C:\Windows\SYSTEM32\DBGHELP.DLL
0x00007ff9522c0000 - 0x00007ff9522f4000 	C:\Windows\SYSTEM32\dbgcore.DLL
0x00007ff9646d0000 - 0x00007ff964752000 	C:\Windows\System32\bcryptPrimitives.dll
0x00007ff942020000 - 0x00007ff94202f000 	c:\Users\Fahim\.vscode\extensions\redhat.java-1.43.1-win32-x64\jre\21.0.7-win32-x86_64\bin\instrument.dll
0x00007ff941d70000 - 0x00007ff941d8f000 	c:\Users\Fahim\.vscode\extensions\redhat.java-1.43.1-win32-x64\jre\21.0.7-win32-x86_64\bin\java.dll
0x00007ff965d60000 - 0x00007ff9664ce000 	C:\Windows\System32\SHELL32.dll
0x00007ff962080000 - 0x00007ff962824000 	C:\Windows\SYSTEM32\windows.storage.dll
0x00007ff964b60000 - 0x00007ff964eb3000 	C:\Windows\System32\combase.dll
0x00007ff9638a0000 - 0x00007ff9638cb000 	C:\Windows\SYSTEM32\Wldp.dll
0x00007ff966830000 - 0x00007ff9668fd000 	C:\Windows\System32\OLEAUT32.dll
0x00007ff966530000 - 0x00007ff9665dd000 	C:\Windows\System32\SHCORE.dll
0x00007ff965820000 - 0x00007ff96587b000 	C:\Windows\System32\shlwapi.dll
0x00007ff963f50000 - 0x00007ff963f75000 	C:\Windows\SYSTEM32\profapi.dll
0x00007ff941d40000 - 0x00007ff941d58000 	c:\Users\Fahim\.vscode\extensions\redhat.java-1.43.1-win32-x64\jre\21.0.7-win32-x86_64\bin\zip.dll
0x00007ff941d30000 - 0x00007ff941d40000 	C:\Users\Fahim\.vscode\extensions\redhat.java-1.43.1-win32-x64\jre\21.0.7-win32-x86_64\bin\net.dll
0x00007ff95d6d0000 - 0x00007ff95d7da000 	C:\Windows\SYSTEM32\WINHTTP.dll
0x00007ff963680000 - 0x00007ff9636ea000 	C:\Windows\system32\mswsock.dll
0x00007ff941580000 - 0x00007ff941596000 	C:\Users\Fahim\.vscode\extensions\redhat.java-1.43.1-win32-x64\jre\21.0.7-win32-x86_64\bin\nio.dll
0x00007ff941d10000 - 0x00007ff941d20000 	c:\Users\Fahim\.vscode\extensions\redhat.java-1.43.1-win32-x64\jre\21.0.7-win32-x86_64\bin\verify.dll
0x00007ff9414e0000 - 0x00007ff941525000 	C:\Users\Fahim\AppData\Roaming\Code\User\globalStorage\redhat.java\1.43.1\config_win\org.eclipse.equinox.launcher\org.eclipse.equinox.launcher.win32.win32.x86_64_1.2.1300.v20250331-1702\eclipse_11911.dll
0x00007ff964f60000 - 0x00007ff96508b000 	C:\Windows\System32\ole32.dll
0x00007ff9638e0000 - 0x00007ff9638f8000 	C:\Windows\SYSTEM32\CRYPTSP.dll
0x00007ff962fc0000 - 0x00007ff962ff8000 	C:\Windows\system32\rsaenh.dll
0x00007ff963ed0000 - 0x00007ff963efe000 	C:\Windows\SYSTEM32\USERENV.dll
0x00007ff963810000 - 0x00007ff96381c000 	C:\Windows\SYSTEM32\CRYPTBASE.dll
0x00007ff963380000 - 0x00007ff9633bb000 	C:\Windows\SYSTEM32\IPHLPAPI.DLL
0x00007ff966900000 - 0x00007ff966908000 	C:\Windows\System32\NSI.dll
0x00007ff93fba0000 - 0x00007ff93fbe9000 	E:\Temp\jna-67639505\jna17936549968593446235.dll
0x00007ff966910000 - 0x00007ff966918000 	C:\Windows\System32\PSAPI.DLL
0x00007ff95e920000 - 0x00007ff95e937000 	C:\Windows\SYSTEM32\dhcpcsvc6.DLL
0x00007ff95e6a0000 - 0x00007ff95e6bd000 	C:\Windows\SYSTEM32\dhcpcsvc.DLL

dbghelp: loaded successfully - version: 4.0.5 - missing functions: none
symbol engine: initialized successfully - sym options: 0x614 - pdb path: .;c:\Users\Fahim\.vscode\extensions\redhat.java-1.43.1-win32-x64\jre\21.0.7-win32-x86_64\bin;C:\Windows\SYSTEM32;C:\Windows\WinSxS\amd64_microsoft.windows.common-controls_6595b64144ccf1df_6.0.19041.5915_none_60b4b9d171f9c7c7;c:\Users\Fahim\.vscode\extensions\redhat.java-1.43.1-win32-x64\jre\21.0.7-win32-x86_64\bin\server;C:\Users\Fahim\AppData\Roaming\Code\User\globalStorage\redhat.java\1.43.1\config_win\org.eclipse.equinox.launcher\org.eclipse.equinox.launcher.win32.win32.x86_64_1.2.1300.v20250331-1702;E:\Temp\jna-67639505

VM Arguments:
jvm_args: --add-modules=ALL-SYSTEM --add-opens=java.base/java.util=ALL-UNNAMED --add-opens=java.base/java.lang=ALL-UNNAMED --add-opens=java.base/sun.nio.fs=ALL-UNNAMED -Declipse.application=org.eclipse.jdt.ls.core.id1 -Dosgi.bundles.defaultStartLevel=4 -Declipse.product=org.eclipse.jdt.ls.core.product -Djava.import.generatesMetadataFilesAtProjectRoot=false -DDetectVMInstallationsJob.disabled=true -Dfile.encoding=utf8 -XX:+UseParallelGC -XX:GCTimeRatio=4 -XX:AdaptiveSizePolicyWeight=90 -Dsun.zip.disableMemoryMapping=true -Xmx2G -Xms100m -Xlog:disable -javaagent:c:\Users\Fahim\.vscode\extensions\redhat.java-1.43.1-win32-x64\lombok\lombok-1.18.39-4050.jar -XX:+HeapDumpOnOutOfMemoryError -XX:HeapDumpPath=c:\Users\Fahim\AppData\Roaming\Code\User\workspaceStorage\203f3f320bde04ed28bf2ad86b5ef60b\redhat.java -Daether.dependencyCollector.impl=bf 
java_command: c:\Users\Fahim\.vscode\extensions\redhat.java-1.43.1-win32-x64\server\plugins\org.eclipse.equinox.launcher_1.7.0.v20250519-0528.jar -configuration c:\Users\Fahim\AppData\Roaming\Code\User\globalStorage\redhat.java\1.43.1\config_win -data c:\Users\Fahim\AppData\Roaming\Code\User\workspaceStorage\203f3f320bde04ed28bf2ad86b5ef60b\redhat.java\jdt_ws --pipe=\\.\pipe\lsp-b9a378ec7d6448721203070393bd7635-sock
java_class_path (initial): c:\Users\Fahim\.vscode\extensions\redhat.java-1.43.1-win32-x64\server\plugins\org.eclipse.equinox.launcher_1.7.0.v20250519-0528.jar
Launcher Type: SUN_STANDARD

[Global flags]
    uintx AdaptiveSizePolicyWeight                 = 90                                        {product} {command line}
     intx CICompilerCount                          = 3                                         {product} {ergonomic}
    uintx GCTimeRatio                              = 4                                         {product} {command line}
     bool HeapDumpOnOutOfMemoryError               = true                                   {manageable} {command line}
    ccstr HeapDumpPath                             = c:\Users\Fahim\AppData\Roaming\Code\User\workspaceStorage\203f3f320bde04ed28bf2ad86b5ef60b\redhat.java         {manageable} {command line}
   size_t InitialHeapSize                          = 104857600                                 {product} {command line}
   size_t MaxHeapSize                              = 2147483648                                {product} {command line}
   size_t MaxNewSize                               = 715653120                                 {product} {ergonomic}
   size_t MinHeapDeltaBytes                        = 524288                                    {product} {ergonomic}
   size_t MinHeapSize                              = 104857600                                 {product} {command line}
   size_t NewSize                                  = 34603008                                  {product} {ergonomic}
    uintx NonNMethodCodeHeapSize                   = 5832780                                {pd product} {ergonomic}
    uintx NonProfiledCodeHeapSize                  = 122912730                              {pd product} {ergonomic}
   size_t OldSize                                  = 70254592                                  {product} {ergonomic}
    uintx ProfiledCodeHeapSize                     = 122912730                              {pd product} {ergonomic}
    uintx ReservedCodeCacheSize                    = 251658240                              {pd product} {ergonomic}
     bool SegmentedCodeCache                       = true                                      {product} {ergonomic}
   size_t SoftMaxHeapSize                          = 2147483648                             {manageable} {ergonomic}
     bool UseCompressedOops                        = true                           {product lp64_product} {ergonomic}
     bool UseLargePagesIndividualAllocation        = false                                  {pd product} {ergonomic}
     bool UseParallelGC                            = true                                      {product} {command line}

Logging:
Log output configuration:
 #0: stdout all=off uptime,level,tags foldmultilines=false
 #1: stderr all=off uptime,level,tags foldmultilines=false

Environment Variables:
JAVA_HOME=C:\Program Files\Java\jdk-17
PATH=C:\Python313\Scripts\;C:\Python313\;C:\Program Files\Java\jdk-17\bin;C:\oracle\bin;C:\Program Files\Common Files\Oracle\Java\javapath;C:\Program Files (x86)\Common Files\Oracle\Java\java8path;C:\Program Files (x86)\Common Files\Oracle\Java\javapath;C:\Windows\system32;C:\Windows;C:\Windows\System32\Wbem;C:\Windows\System32\WindowsPowerShell\v1.0\;C:\Windows\System32\OpenSSH\;C:\Program Files\Git\cmd;C:\ProgramData\chocolatey\bin;C:\Program Files\Java\jre1.8.0_441\bin;C:\flutter\bin;C:\Program Files\MySQL\MySQL Server 8.0\bin;;C:\Program Files\Docker\Docker\resources\bin;C:\Program Files\Microsoft SQL Server\Client SDK\ODBC\170\Tools\Binn\;C:\Program Files (x86)\Microsoft SQL Server\150\Tools\Binn\;C:\Program Files\Microsoft SQL Server\150\Tools\Binn\;C:\Program Files\Microsoft SQL Server\150\DTS\Binn\;C:\Program Files (x86)\Microsoft SQL Server\150\DTS\Binn\;C:\Program Files\Azure Data Studio\bin;C:\Program Files\nodejs\;C:\Users\Fahim\AppData\Local\Microsoft\WindowsApps;C:\Users\Fahim\AppData\Local\Programs\Microsoft VS Code\bin;C:\Users\Fahim\AppData\Local\GitHubDesktop\bin;D:\Installed\IntelliJ IDEA Community Edition 2024.2.3\bin;;C:\Users\Fahim\AppData\Local\Programs\Windsurf\bin;C:\Program Files\Azure Data Studio\bin;C:\Users\Fahim\AppData\Roaming\npm
USERNAME=Fahim
OS=Windows_NT
PROCESSOR_IDENTIFIER=AMD64 Family 23 Model 24 Stepping 1, AuthenticAMD
TMP=E:\Temp
TEMP=E:\Temp




Periodic native trim disabled

---------------  S Y S T E M  ---------------

OS:
 Windows 10 , 64 bit Build 19041 (10.0.19041.5915)
OS uptime: 0 days 1:09 hours
Hyper-V role detected

CPU: total 4 (initial active 4) (4 cores per cpu, 1 threads per core) family 23 model 24 stepping 1 microcode 0x0, cx8, cmov, fxsr, mmx, 3dnowpref, sse, sse2, sse3, ssse3, sse4a, sse4.1, sse4.2, popcnt, lzcnt, tsc, tscinvbit, avx, avx2, aes, clmul, bmi1, bmi2, adx, sha, fma, vzeroupper, clflush, clflushopt, hv, rdtscp, f16c
Processor Information for the first 4 processors :
  Max Mhz: 3600, Current Mhz: 3600, Mhz Limit: 3600

Memory: 4k page, system-wide physical 14260M (2074M free)
TotalPageFile size 16236M (AvailPageFile size 5M)
current process WorkingSet (physical memory assigned to process): 859M, peak: 859M
current process commit charge ("private bytes"): 796M, peak: 1686M

vm_info: OpenJDK 64-Bit Server VM (21.0.7+6-LTS) for windows-amd64 JRE (21.0.7+6-LTS), built on 2025-04-15T00:00:00Z by "admin" with MS VC++ 17.7 (VS2022)

END.
